<!DOCTYPE html>
<html>
<head>
<meta http-equiv="Content-Type" content="text/html; charset=utf-8"/>
<meta http-equiv="x-ua-compatible" content="IE=edge"/>
<title>Test results - Class utest</title>
<link href="../css/base-style.css" rel="stylesheet" type="text/css"/>
<link href="../css/style.css" rel="stylesheet" type="text/css"/>
<script src="../js/report.js" type="text/javascript"></script>
</head>
<body>
<div id="content">
<h1>Class utest</h1>
<div class="breadcrumbs">
<a href="../index.html">all</a> &gt; 
<a href="../packages/default-package.html">default-package</a> &gt; utest</div>
<div id="summary">
<table>
<tr>
<td>
<div class="summaryGroup">
<table>
<tr>
<td>
<div class="infoBox" id="tests">
<div class="counter">1</div>
<p>tests</p>
</div>
</td>
<td>
<div class="infoBox" id="failures">
<div class="counter">1</div>
<p>failures</p>
</div>
</td>
<td>
<div class="infoBox" id="ignored">
<div class="counter">0</div>
<p>ignored</p>
</div>
</td>
<td>
<div class="infoBox" id="duration">
<div class="counter">2m20.62s</div>
<p>duration</p>
</div>
</td>
</tr>
</table>
</div>
</td>
<td>
<div class="infoBox failures" id="successRate">
<div class="percent">0%</div>
<p>successful</p>
</div>
</td>
</tr>
</table>
</div>
<div id="tabs">
<ul class="tabLinks">
<li>
<a href="#tab0">Failed tests</a>
</li>
<li>
<a href="#tab1">Tests</a>
</li>
<li>
<a href="#tab2">Standard output</a>
</li>
<li>
<a href="#tab3">Standard error</a>
</li>
</ul>
<div id="tab0" class="tab">
<h2>Failed tests</h2>
<div class="test">
<a name="search for automation on the utest page"></a>
<h3 class="failures">search for automation on the utest page</h3>
<span class="code">
<pre>cucumber.runtime.CucumberException: Arity mismatch: Step Definition 'co.com.choucair.certification.utest.stepdefinitions.UtestStepDefinitions.VerifyThatThRegistrationHasBeenCorrectly(String) in file:/C:/Users/pc/Desktop/Refinamiento/co.com.choucair.certificacion.utest/build/classes/java/test/' with pattern [^verify that the user registration is correct$] is declared with 1 parameters. However, the gherkin step has 0 arguments []. 
Step text: verify that the user registration is correct
	at cucumber.runtime.StepDefinitionMatch.arityMismatch(StepDefinitionMatch.java:111)
	at cucumber.runtime.StepDefinitionMatch.transformedArgs(StepDefinitionMatch.java:66)
	at cucumber.runtime.StepDefinitionMatch.runStep(StepDefinitionMatch.java:40)
	at cucumber.api.TestStep.executeStep(TestStep.java:102)
	at cucumber.api.TestStep.run(TestStep.java:83)
	at cucumber.api.TestCase.run(TestCase.java:58)
	at cucumber.runner.Runner.runPickle(Runner.java:80)
	at cucumber.runtime.junit.PickleRunners$NoStepDescriptions.run(PickleRunners.java:140)
	at cucumber.runtime.junit.FeatureRunner.runChild(FeatureRunner.java:68)
	at cucumber.runtime.junit.FeatureRunner.runChild(FeatureRunner.java:23)
	at org.junit.runners.ParentRunner$3.run(ParentRunner.java:290)
	at org.junit.runners.ParentRunner$1.schedule(ParentRunner.java:71)
	at org.junit.runners.ParentRunner.runChildren(ParentRunner.java:288)
	at org.junit.runners.ParentRunner.access$000(ParentRunner.java:58)
	at org.junit.runners.ParentRunner$2.evaluate(ParentRunner.java:268)
	at org.junit.runners.ParentRunner.run(ParentRunner.java:363)
	at cucumber.runtime.junit.FeatureRunner.run(FeatureRunner.java:73)
	at cucumber.api.junit.Cucumber.runChild(Cucumber.java:118)
	at cucumber.api.junit.Cucumber.runChild(Cucumber.java:56)
	at org.junit.runners.ParentRunner$3.run(ParentRunner.java:290)
	at org.junit.runners.ParentRunner$1.schedule(ParentRunner.java:71)
	at org.junit.runners.ParentRunner.runChildren(ParentRunner.java:288)
	at org.junit.runners.ParentRunner.access$000(ParentRunner.java:58)
	at org.junit.runners.ParentRunner$2.evaluate(ParentRunner.java:268)
	at cucumber.api.junit.Cucumber$1.evaluate(Cucumber.java:127)
	at org.junit.runners.ParentRunner.run(ParentRunner.java:363)
	at org.gradle.api.internal.tasks.testing.junit.JUnitTestClassExecutor.runTestClass(JUnitTestClassExecutor.java:110)
	at org.gradle.api.internal.tasks.testing.junit.JUnitTestClassExecutor.execute(JUnitTestClassExecutor.java:58)
	at org.gradle.api.internal.tasks.testing.junit.JUnitTestClassExecutor.execute(JUnitTestClassExecutor.java:38)
	at org.gradle.api.internal.tasks.testing.junit.AbstractJUnitTestClassProcessor.processTestClass(AbstractJUnitTestClassProcessor.java:62)
	at org.gradle.api.internal.tasks.testing.SuiteTestClassProcessor.processTestClass(SuiteTestClassProcessor.java:51)
	at sun.reflect.NativeMethodAccessorImpl.invoke0(Native Method)
	at sun.reflect.NativeMethodAccessorImpl.invoke(NativeMethodAccessorImpl.java:62)
	at sun.reflect.DelegatingMethodAccessorImpl.invoke(DelegatingMethodAccessorImpl.java:43)
	at java.lang.reflect.Method.invoke(Method.java:498)
	at org.gradle.internal.dispatch.ReflectionDispatch.dispatch(ReflectionDispatch.java:36)
	at org.gradle.internal.dispatch.ReflectionDispatch.dispatch(ReflectionDispatch.java:24)
	at org.gradle.internal.dispatch.ContextClassLoaderDispatch.dispatch(ContextClassLoaderDispatch.java:33)
	at org.gradle.internal.dispatch.ProxyDispatchAdapter$DispatchingInvocationHandler.invoke(ProxyDispatchAdapter.java:94)
	at com.sun.proxy.$Proxy2.processTestClass(Unknown Source)
	at org.gradle.api.internal.tasks.testing.worker.TestWorker.processTestClass(TestWorker.java:119)
	at sun.reflect.NativeMethodAccessorImpl.invoke0(Native Method)
	at sun.reflect.NativeMethodAccessorImpl.invoke(NativeMethodAccessorImpl.java:62)
	at sun.reflect.DelegatingMethodAccessorImpl.invoke(DelegatingMethodAccessorImpl.java:43)
	at java.lang.reflect.Method.invoke(Method.java:498)
	at org.gradle.internal.dispatch.ReflectionDispatch.dispatch(ReflectionDispatch.java:36)
	at org.gradle.internal.dispatch.ReflectionDispatch.dispatch(ReflectionDispatch.java:24)
	at org.gradle.internal.remote.internal.hub.MessageHubBackedObjectConnection$DispatchWrapper.dispatch(MessageHubBackedObjectConnection.java:182)
	at org.gradle.internal.remote.internal.hub.MessageHubBackedObjectConnection$DispatchWrapper.dispatch(MessageHubBackedObjectConnection.java:164)
	at org.gradle.internal.remote.internal.hub.MessageHub$Handler.run(MessageHub.java:414)
	at org.gradle.internal.concurrent.ExecutorPolicy$CatchAndRecordFailures.onExecute(ExecutorPolicy.java:64)
	at org.gradle.internal.concurrent.ManagedExecutorImpl$1.run(ManagedExecutorImpl.java:48)
	at java.util.concurrent.ThreadPoolExecutor.runWorker(ThreadPoolExecutor.java:1142)
	at java.util.concurrent.ThreadPoolExecutor$Worker.run(ThreadPoolExecutor.java:617)
	at org.gradle.internal.concurrent.ThreadFactoryImpl$ManagedThreadRunnable.run(ThreadFactoryImpl.java:56)
	at java.lang.Thread.run(Thread.java:748)
</pre>
</span>
</div>
</div>
<div id="tab1" class="tab">
<h2>Tests</h2>
<table>
<thead>
<tr>
<th>Test</th>
<th>Duration</th>
<th>Result</th>
</tr>
</thead>
<tr>
<td class="failures">search for automation on the utest page</td>
<td class="failures">2m20.62s</td>
<td class="failures">failed</td>
</tr>
</table>
</div>
<div id="tab2" class="tab">
<h2>Standard output</h2>
<span class="code">
<pre>net.thucydides.core.webdriver.exceptions.ElementShouldBeEnabledException: Expected enabled element was not enabled
</pre>
</span>
</div>
<div id="tab3" class="tab">
<h2>Standard error</h2>
<span class="code">
<pre>[Test worker] WARN net.thucydides.core.steps.BaseStepListener - stepStarted: net.thucydides.core.steps.ExecutedStepDescription@613db542
[Test worker] WARN net.thucydides.core.steps.BaseStepListener - stepStarted: net.thucydides.core.steps.ExecutedStepDescription@29e5d3bb
[Test worker] WARN net.thucydides.core.steps.BaseStepListener - stepStarted: net.thucydides.core.steps.ExecutedStepDescription@1b448537
nov 16, 2021 4:42:36 PM org.openqa.selenium.remote.DesiredCapabilities chrome
INFORMACIÓN: Using `new ChromeOptions()` is preferred to `DesiredCapabilities.chrome()`
[Test worker] INFO net.serenitybdd.core.webdriver.driverproviders.ProvideNewDriver - Instantiating driver
[Test worker] INFO net.serenitybdd.core.webdriver.driverproviders.ProvideNewDriver - Driver capabilities: Capabilities {acceptInsecureCerts: false, browserName: chrome, chrome.switches: --start-maximized, goog:chromeOptions: {args: [--start-maximized], extensions: []}, loggingPrefs: org.openqa.selenium.logging..., platform: ANY, version: }
Starting ChromeDriver 94.0.4606.41 (333e85df3c9b656b518b5f1add5ff246365b6c24-refs/branch-heads/4606@{#845}) on port 2661
Only local connections are allowed.
Please see https://chromedriver.chromium.org/security-considerations for suggestions on keeping ChromeDriver safe.
ChromeDriver was started successfully.
[1637098969.370][WARNING]: This version of ChromeDriver has not been tested with Chrome version 95.
nov 16, 2021 4:42:53 PM org.openqa.selenium.remote.ProtocolHandshake createSession
INFORMACIÓN: Detected dialect: W3C
[Test worker] WARN net.thucydides.core.steps.BaseStepListener - stepFinished: current outcome:search for automation on the utest page:Example: {strPrimerNombre=Robinson, strPrimerApellido=Tique, strCorreo=robins.david.tique@gmail.com, strClave=robin0999*, strConfirmarClave=robin0999*} [Given click register [Robinson open up [Robinson opens the Utest page]]]
[Test worker] WARN net.thucydides.core.steps.BaseStepListener - stepFinished: current outcome:search for automation on the utest page:Example: {strPrimerNombre=Robinson, strPrimerApellido=Tique, strCorreo=robins.david.tique@gmail.com, strClave=robin0999*, strConfirmarClave=robin0999*} [Given click register [Robinson open up [Robinson opens the Utest page]]]
[Test worker] WARN net.thucydides.core.steps.BaseStepListener - stepStarted: net.thucydides.core.steps.ExecutedStepDescription@573efa4c
[Test worker] WARN net.thucydides.core.steps.BaseStepListener - stepStarted: net.thucydides.core.steps.ExecutedStepDescription@2b1c9e23
[Test worker] WARN net.thucydides.core.steps.BaseStepListener - stepFinished: current outcome:search for automation on the utest page:Example: {strPrimerNombre=Robinson, strPrimerApellido=Tique, strCorreo=robins.david.tique@gmail.com, strClave=robin0999*, strConfirmarClave=robin0999*} [Given click register [Robinson open up [Robinson opens the Utest page], Robinson top page [Robinson clicks on Button that is not registered as a user]]]
[Test worker] WARN net.thucydides.core.steps.BaseStepListener - stepFinished: current outcome:search for automation on the utest page:Example: {strPrimerNombre=Robinson, strPrimerApellido=Tique, strCorreo=robins.david.tique@gmail.com, strClave=robin0999*, strConfirmarClave=robin0999*} [Given click register [Robinson open up [Robinson opens the Utest page], Robinson top page [Robinson clicks on Button that is not registered as a user]]]
[Test worker] WARN net.thucydides.core.steps.BaseStepListener - stepFinished: current outcome:search for automation on the utest page:Example: {strPrimerNombre=Robinson, strPrimerApellido=Tique, strCorreo=robins.david.tique@gmail.com, strClave=robin0999*, strConfirmarClave=robin0999*} [Given click register [Robinson open up [Robinson opens the Utest page], Robinson top page [Robinson clicks on Button that is not registered as a user]]]
[Test worker] WARN net.thucydides.core.steps.BaseStepListener - stepStarted: net.thucydides.core.steps.ExecutedStepDescription@f9c2db
[Test worker] WARN net.thucydides.core.steps.BaseStepListener - stepStarted: net.thucydides.core.steps.ExecutedStepDescription@49a405f1
[Test worker] WARN net.thucydides.core.steps.BaseStepListener - stepStarted: net.thucydides.core.steps.ExecutedStepDescription@6e6b5031
[Test worker] WARN net.thucydides.core.steps.BaseStepListener - stepFinished: current outcome:search for automation on the utest page:Example: {strPrimerNombre=Robinson, strPrimerApellido=Tique, strCorreo=robins.david.tique@gmail.com, strClave=robin0999*, strConfirmarClave=robin0999*} [Given click register [Robinson open up [Robinson opens the Utest page], Robinson top page [Robinson clicks on Button that is not registered as a user]], When record of each steps
| strPrimerNombre | strPrimerApellido | strCorreo | strClave | strConfirmarClave |
| Robinson | Tique | robins.david.tique@gmail.com | robin0999* | robin0999* | [Robinson step firts [Robinson enters 'Robinson' into Name field]]]
[Test worker] WARN net.thucydides.core.steps.BaseStepListener - stepStarted: net.thucydides.core.steps.ExecutedStepDescription@5324cc69
[Test worker] WARN net.thucydides.core.steps.BaseStepListener - stepFinished: current outcome:search for automation on the utest page:Example: {strPrimerNombre=Robinson, strPrimerApellido=Tique, strCorreo=robins.david.tique@gmail.com, strClave=robin0999*, strConfirmarClave=robin0999*} [Given click register [Robinson open up [Robinson opens the Utest page], Robinson top page [Robinson clicks on Button that is not registered as a user]], When record of each steps
| strPrimerNombre | strPrimerApellido | strCorreo | strClave | strConfirmarClave |
| Robinson | Tique | robins.david.tique@gmail.com | robin0999* | robin0999* | [Robinson step firts [Robinson enters 'Robinson' into Name field, Robinson enters 'Tique' into field password]]]
[Test worker] WARN net.thucydides.core.steps.BaseStepListener - stepStarted: net.thucydides.core.steps.ExecutedStepDescription@5639f867
[Test worker] WARN net.thucydides.core.steps.BaseStepListener - stepFinished: current outcome:search for automation on the utest page:Example: {strPrimerNombre=Robinson, strPrimerApellido=Tique, strCorreo=robins.david.tique@gmail.com, strClave=robin0999*, strConfirmarClave=robin0999*} [Given click register [Robinson open up [Robinson opens the Utest page], Robinson top page [Robinson clicks on Button that is not registered as a user]], When record of each steps
| strPrimerNombre | strPrimerApellido | strCorreo | strClave | strConfirmarClave |
| Robinson | Tique | robins.david.tique@gmail.com | robin0999* | robin0999* | [Robinson step firts [Robinson enters 'Robinson' into Name field, Robinson enters 'Tique' into field password, Robinson enters 'robins.david.tique@gmail.com' into field password]]]
[Test worker] WARN net.thucydides.core.steps.BaseStepListener - stepStarted: net.thucydides.core.steps.ExecutedStepDescription@48fe1685
[Test worker] WARN net.thucydides.core.steps.BaseStepListener - stepFinished: current outcome:search for automation on the utest page:Example: {strPrimerNombre=Robinson, strPrimerApellido=Tique, strCorreo=robins.david.tique@gmail.com, strClave=robin0999*, strConfirmarClave=robin0999*} [Given click register [Robinson open up [Robinson opens the Utest page], Robinson top page [Robinson clicks on Button that is not registered as a user]], When record of each steps
| strPrimerNombre | strPrimerApellido | strCorreo | strClave | strConfirmarClave |
| Robinson | Tique | robins.david.tique@gmail.com | robin0999* | robin0999* | [Robinson step firts [Robinson enters 'Robinson' into Name field, Robinson enters 'Tique' into field password, Robinson enters 'robins.david.tique@gmail.com' into field password, Robinson clicks on Date Month]]]
[Test worker] WARN net.thucydides.core.steps.BaseStepListener - stepStarted: net.thucydides.core.steps.ExecutedStepDescription@2b56cb54
[Test worker] WARN net.thucydides.core.steps.BaseStepListener - stepFinished: current outcome:search for automation on the utest page:Example: {strPrimerNombre=Robinson, strPrimerApellido=Tique, strCorreo=robins.david.tique@gmail.com, strClave=robin0999*, strConfirmarClave=robin0999*} [Given click register [Robinson open up [Robinson opens the Utest page], Robinson top page [Robinson clicks on Button that is not registered as a user]], When record of each steps
| strPrimerNombre | strPrimerApellido | strCorreo | strClave | strConfirmarClave |
| Robinson | Tique | robins.david.tique@gmail.com | robin0999* | robin0999* | [Robinson step firts [Robinson enters 'Robinson' into Name field, Robinson enters 'Tique' into field password, Robinson enters 'robins.david.tique@gmail.com' into field password, Robinson clicks on Date Month, Robinson clicks on Date Day]]]
[Test worker] WARN net.thucydides.core.steps.BaseStepListener - stepStarted: net.thucydides.core.steps.ExecutedStepDescription@6923e300
[Test worker] WARN net.thucydides.core.steps.BaseStepListener - stepFinished: current outcome:search for automation on the utest page:Example: {strPrimerNombre=Robinson, strPrimerApellido=Tique, strCorreo=robins.david.tique@gmail.com, strClave=robin0999*, strConfirmarClave=robin0999*} [Given click register [Robinson open up [Robinson opens the Utest page], Robinson top page [Robinson clicks on Button that is not registered as a user]], When record of each steps
| strPrimerNombre | strPrimerApellido | strCorreo | strClave | strConfirmarClave |
| Robinson | Tique | robins.david.tique@gmail.com | robin0999* | robin0999* | [Robinson step firts [Robinson enters 'Robinson' into Name field, Robinson enters 'Tique' into field password, Robinson enters 'robins.david.tique@gmail.com' into field password, Robinson clicks on Date Month, Robinson clicks on Date Day, Robinson clicks on Date year]]]
[Test worker] WARN net.thucydides.core.steps.BaseStepListener - stepStarted: net.thucydides.core.steps.ExecutedStepDescription@74478a51
[Test worker] WARN net.thucydides.core.steps.BaseStepListener - stepFinished: current outcome:search for automation on the utest page:Example: {strPrimerNombre=Robinson, strPrimerApellido=Tique, strCorreo=robins.david.tique@gmail.com, strClave=robin0999*, strConfirmarClave=robin0999*} [Given click register [Robinson open up [Robinson opens the Utest page], Robinson top page [Robinson clicks on Button that is not registered as a user]], When record of each steps
| strPrimerNombre | strPrimerApellido | strCorreo | strClave | strConfirmarClave |
| Robinson | Tique | robins.david.tique@gmail.com | robin0999* | robin0999* | [Robinson step firts [Robinson enters 'Robinson' into Name field, Robinson enters 'Tique' into field password, Robinson enters 'robins.david.tique@gmail.com' into field password, Robinson clicks on Date Month, Robinson clicks on Date Day, Robinson clicks on Date year, Robinson clicks on Next Button]]]
[Test worker] WARN net.thucydides.core.steps.BaseStepListener - stepFinished: current outcome:search for automation on the utest page:Example: {strPrimerNombre=Robinson, strPrimerApellido=Tique, strCorreo=robins.david.tique@gmail.com, strClave=robin0999*, strConfirmarClave=robin0999*} [Given click register [Robinson open up [Robinson opens the Utest page], Robinson top page [Robinson clicks on Button that is not registered as a user]], When record of each steps
| strPrimerNombre | strPrimerApellido | strCorreo | strClave | strConfirmarClave |
| Robinson | Tique | robins.david.tique@gmail.com | robin0999* | robin0999* | [Robinson step firts [Robinson enters 'Robinson' into Name field, Robinson enters 'Tique' into field password, Robinson enters 'robins.david.tique@gmail.com' into field password, Robinson clicks on Date Month, Robinson clicks on Date Day, Robinson clicks on Date year, Robinson clicks on Next Button]]]
[Test worker] WARN net.thucydides.core.steps.BaseStepListener - stepStarted: net.thucydides.core.steps.ExecutedStepDescription@5f73eff1
[Test worker] WARN net.thucydides.core.steps.BaseStepListener - stepStarted: net.thucydides.core.steps.ExecutedStepDescription@6ab12941
[Test worker] WARN net.thucydides.core.steps.BaseStepListener - stepFinished: current outcome:search for automation on the utest page:Example: {strPrimerNombre=Robinson, strPrimerApellido=Tique, strCorreo=robins.david.tique@gmail.com, strClave=robin0999*, strConfirmarClave=robin0999*} [Given click register [Robinson open up [Robinson opens the Utest page], Robinson top page [Robinson clicks on Button that is not registered as a user]], When record of each steps
| strPrimerNombre | strPrimerApellido | strCorreo | strClave | strConfirmarClave |
| Robinson | Tique | robins.david.tique@gmail.com | robin0999* | robin0999* | [Robinson step firts [Robinson enters 'Robinson' into Name field, Robinson enters 'Tique' into field password, Robinson enters 'robins.david.tique@gmail.com' into field password, Robinson clicks on Date Month, Robinson clicks on Date Day, Robinson clicks on Date year, Robinson clicks on Next Button], Robinson step second [Robinson clicks on button that shows us the form to register as a user]]]
[Test worker] WARN net.thucydides.core.steps.BaseStepListener - stepFinished: current outcome:search for automation on the utest page:Example: {strPrimerNombre=Robinson, strPrimerApellido=Tique, strCorreo=robins.david.tique@gmail.com, strClave=robin0999*, strConfirmarClave=robin0999*} [Given click register [Robinson open up [Robinson opens the Utest page], Robinson top page [Robinson clicks on Button that is not registered as a user]], When record of each steps
| strPrimerNombre | strPrimerApellido | strCorreo | strClave | strConfirmarClave |
| Robinson | Tique | robins.david.tique@gmail.com | robin0999* | robin0999* | [Robinson step firts [Robinson enters 'Robinson' into Name field, Robinson enters 'Tique' into field password, Robinson enters 'robins.david.tique@gmail.com' into field password, Robinson clicks on Date Month, Robinson clicks on Date Day, Robinson clicks on Date year, Robinson clicks on Next Button], Robinson step second [Robinson clicks on button that shows us the form to register as a user]]]
[Test worker] WARN net.thucydides.core.steps.BaseStepListener - stepStarted: net.thucydides.core.steps.ExecutedStepDescription@4e9997de
[Test worker] WARN net.thucydides.core.steps.BaseStepListener - stepStarted: net.thucydides.core.steps.ExecutedStepDescription@10b3a379
[Test worker] WARN net.thucydides.core.steps.BaseStepListener - stepFinished: current outcome:search for automation on the utest page:Example: {strPrimerNombre=Robinson, strPrimerApellido=Tique, strCorreo=robins.david.tique@gmail.com, strClave=robin0999*, strConfirmarClave=robin0999*} [Given click register [Robinson open up [Robinson opens the Utest page], Robinson top page [Robinson clicks on Button that is not registered as a user]], When record of each steps
| strPrimerNombre | strPrimerApellido | strCorreo | strClave | strConfirmarClave |
| Robinson | Tique | robins.david.tique@gmail.com | robin0999* | robin0999* | [Robinson step firts [Robinson enters 'Robinson' into Name field, Robinson enters 'Tique' into field password, Robinson enters 'robins.david.tique@gmail.com' into field password, Robinson clicks on Date Month, Robinson clicks on Date Day, Robinson clicks on Date year, Robinson clicks on Next Button], Robinson step second [Robinson clicks on button that shows us the form to register as a user], Robinson step third [Robinson clicks on button that shows us the form to register as a user]]]
[Test worker] WARN net.thucydides.core.steps.BaseStepListener - stepStarted: net.thucydides.core.steps.ExecutedStepDescription@20bfb47
[Test worker] WARN net.thucydides.core.steps.BaseStepListener - stepFinished: current outcome:search for automation on the utest page:Example: {strPrimerNombre=Robinson, strPrimerApellido=Tique, strCorreo=robins.david.tique@gmail.com, strClave=robin0999*, strConfirmarClave=robin0999*} [Given click register [Robinson open up [Robinson opens the Utest page], Robinson top page [Robinson clicks on Button that is not registered as a user]], When record of each steps
| strPrimerNombre | strPrimerApellido | strCorreo | strClave | strConfirmarClave |
| Robinson | Tique | robins.david.tique@gmail.com | robin0999* | robin0999* | [Robinson step firts [Robinson enters 'Robinson' into Name field, Robinson enters 'Tique' into field password, Robinson enters 'robins.david.tique@gmail.com' into field password, Robinson clicks on Date Month, Robinson clicks on Date Day, Robinson clicks on Date year, Robinson clicks on Next Button], Robinson step second [Robinson clicks on button that shows us the form to register as a user], Robinson step third [Robinson clicks on button that shows us the form to register as a user, Robinson clicks on button that shows us the form to register as a user]]]
[Test worker] WARN net.thucydides.core.steps.BaseStepListener - stepFinished: current outcome:search for automation on the utest page:Example: {strPrimerNombre=Robinson, strPrimerApellido=Tique, strCorreo=robins.david.tique@gmail.com, strClave=robin0999*, strConfirmarClave=robin0999*} [Given click register [Robinson open up [Robinson opens the Utest page], Robinson top page [Robinson clicks on Button that is not registered as a user]], When record of each steps
| strPrimerNombre | strPrimerApellido | strCorreo | strClave | strConfirmarClave |
| Robinson | Tique | robins.david.tique@gmail.com | robin0999* | robin0999* | [Robinson step firts [Robinson enters 'Robinson' into Name field, Robinson enters 'Tique' into field password, Robinson enters 'robins.david.tique@gmail.com' into field password, Robinson clicks on Date Month, Robinson clicks on Date Day, Robinson clicks on Date year, Robinson clicks on Next Button], Robinson step second [Robinson clicks on button that shows us the form to register as a user], Robinson step third [Robinson clicks on button that shows us the form to register as a user, Robinson clicks on button that shows us the form to register as a user]], Robinson step fourth]
[Test worker] WARN net.thucydides.core.steps.BaseStepListener - stepStarted: net.thucydides.core.steps.ExecutedStepDescription@3876ca5
[Test worker] WARN net.thucydides.core.steps.BaseStepListener - testFinished: search for automation on the utest page:Example: {strPrimerNombre=Robinson, strPrimerApellido=Tique, strCorreo=robins.david.tique@gmail.com, strClave=robin0999*, strConfirmarClave=robin0999*} [Given click register [Robinson open up [Robinson opens the Utest page], Robinson top page [Robinson clicks on Button that is not registered as a user]], When record of each steps
| strPrimerNombre | strPrimerApellido | strCorreo | strClave | strConfirmarClave |
| Robinson | Tique | robins.david.tique@gmail.com | robin0999* | robin0999* | [Robinson step firts [Robinson enters 'Robinson' into Name field, Robinson enters 'Tique' into field password, Robinson enters 'robins.david.tique@gmail.com' into field password, Robinson clicks on Date Month, Robinson clicks on Date Day, Robinson clicks on Date year, Robinson clicks on Next Button], Robinson step second [Robinson clicks on button that shows us the form to register as a user], Robinson step third [Robinson clicks on button that shows us the form to register as a user, Robinson clicks on button that shows us the form to register as a user]], Robinson step fourth], Then verify that the user registration is correct
[Test worker] WARN net.thucydides.core.steps.BaseStepListener - TestOutcomes: [search for automation on the utest page:Example: {strPrimerNombre=Robinson, strPrimerApellido=Tique, strCorreo=robins.david.tique@gmail.com, strClave=robin0999*, strConfirmarClave=robin0999*} [Given click register [Robinson open up [Robinson opens the Utest page], Robinson top page [Robinson clicks on Button that is not registered as a user]], When record of each steps
| strPrimerNombre | strPrimerApellido | strCorreo | strClave | strConfirmarClave |
| Robinson | Tique | robins.david.tique@gmail.com | robin0999* | robin0999* | [Robinson step firts [Robinson enters 'Robinson' into Name field, Robinson enters 'Tique' into field password, Robinson enters 'robins.david.tique@gmail.com' into field password, Robinson clicks on Date Month, Robinson clicks on Date Day, Robinson clicks on Date year, Robinson clicks on Next Button], Robinson step second [Robinson clicks on button that shows us the form to register as a user], Robinson step third [Robinson clicks on button that shows us the form to register as a user, Robinson clicks on button that shows us the form to register as a user]], Robinson step fourth], Then verify that the user registration is correct]
[Test worker] WARN net.thucydides.core.steps.BaseStepListener - Final testOutcomes: [search for automation on the utest page:Example: {strPrimerNombre=Robinson, strPrimerApellido=Tique, strCorreo=robins.david.tique@gmail.com, strClave=robin0999*, strConfirmarClave=robin0999*} [Given click register [Robinson open up [Robinson opens the Utest page], Robinson top page [Robinson clicks on Button that is not registered as a user]], When record of each steps
| strPrimerNombre | strPrimerApellido | strCorreo | strClave | strConfirmarClave |
| Robinson | Tique | robins.david.tique@gmail.com | robin0999* | robin0999* | [Robinson step firts [Robinson enters 'Robinson' into Name field, Robinson enters 'Tique' into field password, Robinson enters 'robins.david.tique@gmail.com' into field password, Robinson clicks on Date Month, Robinson clicks on Date Day, Robinson clicks on Date year, Robinson clicks on Next Button], Robinson step second [Robinson clicks on button that shows us the form to register as a user], Robinson step third [Robinson clicks on button that shows us the form to register as a user, Robinson clicks on button that shows us the form to register as a user]], Robinson step fourth], Then verify that the user registration is correct]
[Test worker] ERROR net.thucydides.core.steps.ConsoleLoggingListener - 
           __  _____ _____ ____ _____   _____ _    ___ _     _____ ____  
  _       / / |_   _| ____/ ___|_   _| |  ___/ \  |_ _| |   | ____|  _ \ 
 (_)_____| |    | | |  _| \___ \ | |   | |_ / _ \  | || |   |  _| | | | |
  _|_____| |    | | | |___ ___) || |   |  _/ ___ \ | || |___| |___| |_| |
 (_)     | |    |_| |_____|____/ |_|   |_|/_/   \_\___|_____|_____|____/ 
          \_\                                                            

TEST FAILED WITH ERROR: search for automation on the utest page
---------------------------------------------------------------------
[Test worker] ERROR net.thucydides.core.steps.ConsoleLoggingListener - TEST FAILED AT STEP Then verify that the user registration is correct
[Test worker] ERROR net.thucydides.core.steps.ConsoleLoggingListener - Expected enabled element was not enabled
</pre>
</span>
</div>
</div>
<div id="footer">
<p>
<div>
<label class="hidden" id="label-for-line-wrapping-toggle" for="line-wrapping-toggle">Wrap lines
<input id="line-wrapping-toggle" type="checkbox" autocomplete="off"/>
</label>
</div>Generated by 
<a href="http://www.gradle.org">Gradle 6.7</a> at 16/11/2021 04:45:18 PM</p>
</div>
</div>
</body>
</html>
