{"name":"search for automation on the utest page","id":"utest;search-for-automation-on-the-utest-page","testSteps":[{"number":1,"description":"Example: {strPrimerNombre\u003dRobinson, strPrimerApellido\u003dTique, strCorreo\u003drobins.david.tique@gmail.com, strClave\u003drobin0999*, strConfirmarClave\u003drobin0999*}","duration":123175,"startTime":"2021-11-16T16:42:29.889-05:00[America/Bogota]","result":"SUCCESS","precondition":false,"level":0,"lineNumber":0,"children":[{"number":2,"description":"Given click register","duration":65191,"startTime":"2021-11-16T16:42:30.174-05:00[America/Bogota]","screenshots":[{"screenshot":"e36816b9b9ec6e19e4475941f946b769f5842c3fc4ae528c55e01e2181149415.png","timeStamp":1637099015365}],"result":"SUCCESS","precondition":false,"level":1,"lineNumber":0,"children":[{"number":3,"description":"Robinson open up","duration":54441,"startTime":"2021-11-16T16:42:35.266-05:00[America/Bogota]","screenshots":[{"screenshot":"6709f6bb620507ac86a6ac8402e5e0693ed18af77ac81de8d25bf79827e99f33.png","timeStamp":1637099009707}],"result":"SUCCESS","precondition":false,"level":2,"lineNumber":0,"children":[{"number":4,"description":"Robinson opens the Utest page","duration":53185,"startTime":"2021-11-16T16:42:35.395-05:00[America/Bogota]","screenshots":[{"screenshot":"6709f6bb620507ac86a6ac8402e5e0693ed18af77ac81de8d25bf79827e99f33.png","timeStamp":1637099008579}],"result":"SUCCESS","precondition":false,"level":3,"lineNumber":0}]},{"number":5,"description":"Robinson top page","duration":4932,"startTime":"2021-11-16T16:43:29.712-05:00[America/Bogota]","screenshots":[{"screenshot":"24b5d7d1b8ea6fa44901b39c7e1200957758f3fbe74b0c607a44ca3e1f428299.png","timeStamp":1637099014644}],"result":"SUCCESS","precondition":false,"level":2,"lineNumber":0,"children":[{"number":6,"description":"Robinson clicks on Button that is not registered as a user","duration":4036,"startTime":"2021-11-16T16:43:29.833-05:00[America/Bogota]","screenshots":[{"screenshot":"58f5c623f71f030ba98bf395eb57e882446d8204aa3cf45c0d3048bfffdcf46b.png","timeStamp":1637099013869}],"result":"SUCCESS","precondition":false,"level":3,"lineNumber":0}]}]},{"number":7,"description":"When record of each steps\r\n| strPrimerNombre | strPrimerApellido | strCorreo | strClave | strConfirmarClave |\r\n| Robinson | Tique | robins.david.tique@gmail.com | robin0999* | robin0999* |","duration":57296,"startTime":"2021-11-16T16:43:35.372-05:00[America/Bogota]","precondition":false,"level":1,"lineNumber":0,"children":[{"number":8,"description":"Robinson step firts","duration":25187,"startTime":"2021-11-16T16:43:35.599-05:00[America/Bogota]","screenshots":[{"screenshot":"9383c2df374d83a1ca0b07ba77fd60238700f5d7c04fbcfe3a34f352515abe66.png","timeStamp":1637099040784}],"result":"SUCCESS","precondition":false,"level":2,"lineNumber":0,"children":[{"number":9,"description":"Robinson enters \u0027Robinson\u0027 into Name field","duration":3062,"startTime":"2021-11-16T16:43:36.006-05:00[America/Bogota]","screenshots":[{"screenshot":"50b0e25eaff50f45b2f2568f466373388d272085c5cdc1e5bbc6a8c454dade86.png","timeStamp":1637099019068}],"result":"SUCCESS","precondition":false,"level":3,"lineNumber":0},{"number":10,"description":"Robinson enters \u0027Tique\u0027 into field password","duration":1838,"startTime":"2021-11-16T16:43:39.076-05:00[America/Bogota]","screenshots":[{"screenshot":"fdc01820b1cca3fda69a1d0d772cca0ea43e3f90be7a15df8e19fa4a423e2d35.png","timeStamp":1637099020913}],"result":"SUCCESS","precondition":false,"level":3,"lineNumber":0},{"number":11,"description":"Robinson enters \u0027robins.david.tique@gmail.com\u0027 into field password","duration":4230,"startTime":"2021-11-16T16:43:40.918-05:00[America/Bogota]","screenshots":[{"screenshot":"ed74ca36b6a0859f966e2b28cd81620042b510743a1cafd8b8e1d6b21140bbbe.png","timeStamp":1637099025148}],"result":"SUCCESS","precondition":false,"level":3,"lineNumber":0},{"number":12,"description":"Robinson clicks on Date Month","duration":2786,"startTime":"2021-11-16T16:43:45.157-05:00[America/Bogota]","screenshots":[{"screenshot":"7b60d43eab670bdfc177eebb8bd983aca77a913442bec7de1ef60a440cf57411.png","timeStamp":1637099027943}],"result":"SUCCESS","precondition":false,"level":3,"lineNumber":0},{"number":13,"description":"Robinson clicks on Date Day","duration":2236,"startTime":"2021-11-16T16:43:47.951-05:00[America/Bogota]","screenshots":[{"screenshot":"f299f7c52cbf1ba25d907596ffce01939fff34f4c4c60f80def6e1e39e123892.png","timeStamp":1637099030187}],"result":"SUCCESS","precondition":false,"level":3,"lineNumber":0},{"number":14,"description":"Robinson clicks on Date year","duration":2285,"startTime":"2021-11-16T16:43:50.194-05:00[America/Bogota]","screenshots":[{"screenshot":"a915dfdc3fde8a6d8efbc4e0f3bb9d12b618e9e25238ab8731cc678590ad149d.png","timeStamp":1637099032479}],"result":"SUCCESS","precondition":false,"level":3,"lineNumber":0},{"number":15,"description":"Robinson clicks on Next Button","duration":5052,"startTime":"2021-11-16T16:43:52.484-05:00[America/Bogota]","screenshots":[{"screenshot":"de7dbca6c8874f5dd375b44be8d298bdf5462c7943f1f7d88f6573ac18a0495c.png","timeStamp":1637099037536}],"result":"SUCCESS","precondition":false,"level":3,"lineNumber":0}]},{"number":16,"description":"Robinson step second","duration":5343,"startTime":"2021-11-16T16:44:00.893-05:00[America/Bogota]","screenshots":[{"screenshot":"900688a417555c21aa3d9d7e0596fbfe2051ee6d89368d8203f6b353040ccd4d.png","timeStamp":1637099046236}],"result":"SUCCESS","precondition":false,"level":2,"lineNumber":0,"children":[{"number":17,"description":"Robinson clicks on button that shows us the form to register as a user","duration":4285,"startTime":"2021-11-16T16:44:00.962-05:00[America/Bogota]","screenshots":[{"screenshot":"900688a417555c21aa3d9d7e0596fbfe2051ee6d89368d8203f6b353040ccd4d.png","timeStamp":1637099045247}],"result":"SUCCESS","precondition":false,"level":3,"lineNumber":0}]},{"number":18,"description":"Robinson step third","duration":26107,"startTime":"2021-11-16T16:44:06.355-05:00[America/Bogota]","exception":{"errorType":"net.thucydides.core.webdriver.exceptions.ElementShouldBeEnabledException","message":"Expected enabled element was not enabled","stackTrace":[{"declaringClass":"co.com.choucair.certification.utest.tasks.StepThird","methodName":"performAs","fileName":"StepThird.java","lineNumber":21},{"declaringClass":"co.com.choucair.certification.utest.stepdefinitions.UtestStepDefinitions","methodName":"HeCompletesEachStepOfTheUserRegistration","fileName":"UtestStepDefinitions.java","lineNumber":32},{"declaringClass":"cucumber.runner.Runner","methodName":"runPickle","fileName":"Runner.java","lineNumber":80}],"rootCause":{"errorType":"org.openqa.selenium.TimeoutException","message":"Expected condition failed: waiting for By.xpath: //a[@class\u003d\u0027btn btn-blue pull-right\u0027] to be enabled (tried for 5 second(s) with 100 milliseconds interval)","stackTrace":[{"declaringClass":"co.com.choucair.certification.utest.tasks.StepThird","methodName":"performAs","fileName":"StepThird.java","lineNumber":21},{"declaringClass":"co.com.choucair.certification.utest.stepdefinitions.UtestStepDefinitions","methodName":"HeCompletesEachStepOfTheUserRegistration","fileName":"UtestStepDefinitions.java","lineNumber":32},{"declaringClass":"cucumber.runner.Runner","methodName":"runPickle","fileName":"Runner.java","lineNumber":80}],"rootCause":{"errorType":"org.openqa.selenium.NoSuchElementException","message":"no such element: Unable to locate element: {\"method\":\"xpath\",\"selector\":\"//a[@class\u003d\u0027btn btn-blue pull-right\u0027]\"}\n  (Session info: chrome\u003d95.0.4638.69)\nFor documentation on this error, please visit: https://www.seleniumhq.org/exceptions/no_such_element.html\nBuild info: version: \u00273.141.59\u0027, revision: \u0027e82be7d358\u0027, time: \u00272018-11-14T08:17:03\u0027\nSystem info: host: \u0027ROBIN\u0027, ip: \u0027192.168.56.1\u0027, os.name: \u0027Windows 10\u0027, os.arch: \u0027amd64\u0027, os.version: \u002710.0\u0027, java.version: \u00271.8.0_131\u0027\nDriver info: org.openqa.selenium.chrome.ChromeDriver\nCapabilities {acceptInsecureCerts: false, browserName: chrome, browserVersion: 95.0.4638.69, chrome: {chromedriverVersion: 94.0.4606.41 (333e85df3c9b6..., userDataDir: C:\\Users\\pc\\AppData\\Local\\T...}, goog:chromeOptions: {debuggerAddress: localhost:60709}, javascriptEnabled: true, networkConnectionEnabled: false, pageLoadStrategy: normal, platform: WINDOWS, platformName: WINDOWS, proxy: Proxy(), setWindowRect: true, strictFileInteractability: false, timeouts: {implicit: 0, pageLoad: 300000, script: 30000}, unhandledPromptBehavior: dismiss and notify, webauthn:extension:credBlob: true, webauthn:extension:largeBlob: true, webauthn:virtualAuthenticators: true}\nSession ID: fec8136ec53540d3f77215175d538a02\n*** Element info: {Using\u003dxpath, value\u003d//a[@class\u003d\u0027btn btn-blue pull-right\u0027]}","stackTrace":[{"declaringClass":"co.com.choucair.certification.utest.tasks.StepThird","methodName":"performAs","fileName":"StepThird.java","lineNumber":21},{"declaringClass":"co.com.choucair.certification.utest.stepdefinitions.UtestStepDefinitions","methodName":"HeCompletesEachStepOfTheUserRegistration","fileName":"UtestStepDefinitions.java","lineNumber":32},{"declaringClass":"cucumber.runner.Runner","methodName":"runPickle","fileName":"Runner.java","lineNumber":80}]}}},"result":"FAILURE","precondition":false,"level":2,"lineNumber":0,"children":[{"number":19,"description":"Robinson clicks on button that shows us the form to register as a user","duration":4140,"startTime":"2021-11-16T16:44:07.460-05:00[America/Bogota]","screenshots":[{"screenshot":"5bc37a6a141fdc7042d9c73013a88e8fdf9eb445cb3908d93f6d800c99213cf8.png","timeStamp":1637099051600}],"result":"SUCCESS","precondition":false,"level":3,"lineNumber":0},{"number":20,"description":"Robinson clicks on button that shows us the form to register as a user","duration":19589,"startTime":"2021-11-16T16:44:12.777-05:00[America/Bogota]","screenshots":[{"screenshot":"1282d80b9fdcf90b753a3c34b038056b61a5f6f693927d2fbb616924adae52f4.png","htmlSource":"pagesource477260319107001587.html.txt","timeStamp":1637099072300}],"exception":{"errorType":"net.thucydides.core.webdriver.exceptions.ElementShouldBeEnabledException","message":"Expected enabled element was not enabled","stackTrace":[{"declaringClass":"co.com.choucair.certification.utest.tasks.StepThird","methodName":"performAs","fileName":"StepThird.java","lineNumber":21},{"declaringClass":"co.com.choucair.certification.utest.stepdefinitions.UtestStepDefinitions","methodName":"HeCompletesEachStepOfTheUserRegistration","fileName":"UtestStepDefinitions.java","lineNumber":32},{"declaringClass":"cucumber.runner.Runner","methodName":"runPickle","fileName":"Runner.java","lineNumber":80}],"rootCause":{"errorType":"org.openqa.selenium.TimeoutException","message":"Expected condition failed: waiting for By.xpath: //a[@class\u003d\u0027btn btn-blue pull-right\u0027] to be enabled (tried for 5 second(s) with 100 milliseconds interval)","stackTrace":[{"declaringClass":"co.com.choucair.certification.utest.tasks.StepThird","methodName":"performAs","fileName":"StepThird.java","lineNumber":21},{"declaringClass":"co.com.choucair.certification.utest.stepdefinitions.UtestStepDefinitions","methodName":"HeCompletesEachStepOfTheUserRegistration","fileName":"UtestStepDefinitions.java","lineNumber":32},{"declaringClass":"cucumber.runner.Runner","methodName":"runPickle","fileName":"Runner.java","lineNumber":80}],"rootCause":{"errorType":"org.openqa.selenium.NoSuchElementException","message":"no such element: Unable to locate element: {\"method\":\"xpath\",\"selector\":\"//a[@class\u003d\u0027btn btn-blue pull-right\u0027]\"}\n  (Session info: chrome\u003d95.0.4638.69)\nFor documentation on this error, please visit: https://www.seleniumhq.org/exceptions/no_such_element.html\nBuild info: version: \u00273.141.59\u0027, revision: \u0027e82be7d358\u0027, time: \u00272018-11-14T08:17:03\u0027\nSystem info: host: \u0027ROBIN\u0027, ip: \u0027192.168.56.1\u0027, os.name: \u0027Windows 10\u0027, os.arch: \u0027amd64\u0027, os.version: \u002710.0\u0027, java.version: \u00271.8.0_131\u0027\nDriver info: org.openqa.selenium.chrome.ChromeDriver\nCapabilities {acceptInsecureCerts: false, browserName: chrome, browserVersion: 95.0.4638.69, chrome: {chromedriverVersion: 94.0.4606.41 (333e85df3c9b6..., userDataDir: C:\\Users\\pc\\AppData\\Local\\T...}, goog:chromeOptions: {debuggerAddress: localhost:60709}, javascriptEnabled: true, networkConnectionEnabled: false, pageLoadStrategy: normal, platform: WINDOWS, platformName: WINDOWS, proxy: Proxy(), setWindowRect: true, strictFileInteractability: false, timeouts: {implicit: 0, pageLoad: 300000, script: 30000}, unhandledPromptBehavior: dismiss and notify, webauthn:extension:credBlob: true, webauthn:extension:largeBlob: true, webauthn:virtualAuthenticators: true}\nSession ID: fec8136ec53540d3f77215175d538a02\n*** Element info: {Using\u003dxpath, value\u003d//a[@class\u003d\u0027btn btn-blue pull-right\u0027]}","stackTrace":[{"declaringClass":"co.com.choucair.certification.utest.tasks.StepThird","methodName":"performAs","fileName":"StepThird.java","lineNumber":21},{"declaringClass":"co.com.choucair.certification.utest.stepdefinitions.UtestStepDefinitions","methodName":"HeCompletesEachStepOfTheUserRegistration","fileName":"UtestStepDefinitions.java","lineNumber":32},{"declaringClass":"cucumber.runner.Runner","methodName":"runPickle","fileName":"Runner.java","lineNumber":80}]}}},"result":"FAILURE","precondition":false,"level":3,"lineNumber":0}]}]},{"number":21,"description":"Robinson step fourth","duration":3,"startTime":"2021-11-16T16:44:32.972-05:00[America/Bogota]","result":"SKIPPED","precondition":false,"level":1,"lineNumber":0}]},{"number":22,"description":"Then verify that the user registration is correct","duration":224,"startTime":"2021-11-16T16:44:33.079-05:00[America/Bogota]","exception":{"errorType":"cucumber.runtime.CucumberException","message":"Arity mismatch: Step Definition \u0027co.com.choucair.certification.utest.stepdefinitions.UtestStepDefinitions.VerifyThatThRegistrationHasBeenCorrectly(String) in file:/C:/Users/pc/Desktop/Refinamiento/co.com.choucair.certificacion.utest/build/classes/java/test/\u0027 with pattern [^verify that the user registration is correct$] is declared with 1 parameters. However, the gherkin step has 0 arguments []. \nStep text: verify that the user registration is correct","stackTrace":[{"declaringClass":"cucumber.runner.Runner","methodName":"runPickle","fileName":"Runner.java","lineNumber":80}]},"result":"ERROR","precondition":false,"level":0,"lineNumber":0}],"userStory":{"id":"utest","storyName":"utest","path":"src/test/resources/features/utest.feature","narrative":"  As a developer I will automate the registration of the utest page","type":"feature"},"featureTag":{"name":"Features/utest","type":"feature","displayName":"Features/utest"},"title":"search for automation on the utest page","tags":[{"name":"utest","type":"feature","displayName":"utest"},{"name":"","type":"scenario","displayName":""},{"name":"stories","type":"tag","displayName":"stories"}],"startTime":"2021-11-16T16:42:29.292-05:00[America/Bogota]","duration":138959,"testFailureCause":{"errorType":"net.thucydides.core.webdriver.exceptions.ElementShouldBeEnabledException","message":"Expected enabled element was not enabled","stackTrace":[{"declaringClass":"co.com.choucair.certification.utest.tasks.StepThird","methodName":"performAs","fileName":"StepThird.java","lineNumber":21},{"declaringClass":"co.com.choucair.certification.utest.stepdefinitions.UtestStepDefinitions","methodName":"HeCompletesEachStepOfTheUserRegistration","fileName":"UtestStepDefinitions.java","lineNumber":32},{"declaringClass":"cucumber.runner.Runner","methodName":"runPickle","fileName":"Runner.java","lineNumber":80}],"rootCause":{"errorType":"org.openqa.selenium.TimeoutException","message":"Expected condition failed: waiting for By.xpath: //a[@class\u003d\u0027btn btn-blue pull-right\u0027] to be enabled (tried for 5 second(s) with 100 milliseconds interval)","stackTrace":[{"declaringClass":"co.com.choucair.certification.utest.tasks.StepThird","methodName":"performAs","fileName":"StepThird.java","lineNumber":21},{"declaringClass":"co.com.choucair.certification.utest.stepdefinitions.UtestStepDefinitions","methodName":"HeCompletesEachStepOfTheUserRegistration","fileName":"UtestStepDefinitions.java","lineNumber":32},{"declaringClass":"cucumber.runner.Runner","methodName":"runPickle","fileName":"Runner.java","lineNumber":80}],"rootCause":{"errorType":"org.openqa.selenium.NoSuchElementException","message":"no such element: Unable to locate element: {\"method\":\"xpath\",\"selector\":\"//a[@class\u003d\u0027btn btn-blue pull-right\u0027]\"}\n  (Session info: chrome\u003d95.0.4638.69)\nFor documentation on this error, please visit: https://www.seleniumhq.org/exceptions/no_such_element.html\nBuild info: version: \u00273.141.59\u0027, revision: \u0027e82be7d358\u0027, time: \u00272018-11-14T08:17:03\u0027\nSystem info: host: \u0027ROBIN\u0027, ip: \u0027192.168.56.1\u0027, os.name: \u0027Windows 10\u0027, os.arch: \u0027amd64\u0027, os.version: \u002710.0\u0027, java.version: \u00271.8.0_131\u0027\nDriver info: org.openqa.selenium.chrome.ChromeDriver\nCapabilities {acceptInsecureCerts: false, browserName: chrome, browserVersion: 95.0.4638.69, chrome: {chromedriverVersion: 94.0.4606.41 (333e85df3c9b6..., userDataDir: C:\\Users\\pc\\AppData\\Local\\T...}, goog:chromeOptions: {debuggerAddress: localhost:60709}, javascriptEnabled: true, networkConnectionEnabled: false, pageLoadStrategy: normal, platform: WINDOWS, platformName: WINDOWS, proxy: Proxy(), setWindowRect: true, strictFileInteractability: false, timeouts: {implicit: 0, pageLoad: 300000, script: 30000}, unhandledPromptBehavior: dismiss and notify, webauthn:extension:credBlob: true, webauthn:extension:largeBlob: true, webauthn:virtualAuthenticators: true}\nSession ID: fec8136ec53540d3f77215175d538a02\n*** Element info: {Using\u003dxpath, value\u003d//a[@class\u003d\u0027btn btn-blue pull-right\u0027]}","stackTrace":[{"declaringClass":"co.com.choucair.certification.utest.tasks.StepThird","methodName":"performAs","fileName":"StepThird.java","lineNumber":21},{"declaringClass":"co.com.choucair.certification.utest.stepdefinitions.UtestStepDefinitions","methodName":"HeCompletesEachStepOfTheUserRegistration","fileName":"UtestStepDefinitions.java","lineNumber":32},{"declaringClass":"cucumber.runner.Runner","methodName":"runPickle","fileName":"Runner.java","lineNumber":80}]}}},"testFailureClassname":"java.lang.AssertionError","testFailureMessage":"Expected enabled element was not enabled\r\nArity mismatch: Step Definition \u0027co.com.choucair.certification.utest.stepdefinitions.UtestStepDefinitions.VerifyThatThRegistrationHasBeenCorrectly(String) in file:/C:/Users/pc/Desktop/Refinamiento/co.com.choucair.certificacion.utest/build/classes/java/test/\u0027 with pattern [^verify that the user registration is correct$] is declared with 1 parameters. However, the gherkin step has 0 arguments []. \nStep text: verify that the user registration is correct","testFailureSummary":"ERROR;cucumber.runtime.CucumberException;Arity mismatch: Step Definition \u0027co.com.choucair.certification.utest.stepdefinitions.UtestStepDefinitions.VerifyThatThRegistrationHasBeenCorrectly(String) in file:/C:/Users/pc/Desktop/Refinamiento/co.com.choucair.certificacion.utest/build/classes/java/test/\u0027 with pattern [^verify that the user registration is correct$] is declared with 1 parameters. However, the gherkin step has 0 arguments []. \nStep text: verify that the user registration is correct;Runner.java","projectKey":"","annotatedResult":"ERROR","isManualTestingUpToDate":false,"dataTable":{"headers":["strPrimerNombre","strPrimerApellido","strCorreo","strClave","strConfirmarClave"],"rows":[{"values":["Robinson","Tique","robins.david.tique@gmail.com","robin0999*","robin0999*"],"lineNumber":17,"result":"ERROR"}],"predefinedRows":true,"scenarioOutline":"Given click register\n\rWhen record of each steps\n\rThen verify that the user registration is correct\n\r","dataSetDescriptors":[{"startRow":0,"rowCount":0,"name":""}],"lineNumbersForEachRow":{"0":17}},"manual":false,"testSource":"Cucumber","actors":[{"name":"Robinson","can":["browse the web"]}],"result":"ERROR","scenarioOutline":"Given click register\r\nWhen record of each steps\r\n|strPrimerNombre | strPrimerApellido | strCorreo | strClave | strConfirmarClave|\r\n|\u003cstrPrimerNombre\u003e | \u003cstrPrimerApellido\u003e | \u003cstrCorreo\u003e | \u003cstrClave\u003e | \u003cstrConfirmarClave\u003e|\r\nThen verify that the user registration is correct"}